{"C:\\Users\\PC-MASTER\\6TO SEMESTRE\\DESARROLLO WEB\\SEGUNDO PARCIAL\\Prectica\\Practica-react\\src\\componets\\concepto-card\\concepto-card.jsx": {"path":"C:\\Users\\PC-MASTER\\6TO SEMESTRE\\DESARROLLO WEB\\SEGUNDO PARCIAL\\Prectica\\Practica-react\\src\\componets\\concepto-card\\concepto-card.jsx","statementMap":{"0":{"start":{"line":4,"column":13},"end":{"line":14,"column":null}},"1":{"start":{"line":5,"column":2},"end":{"line":12,"column":null}},"2":{"start":{"line":16,"column":0},"end":{"line":20,"column":null}}},"fnMap":{"0":{"name":"(anonymous_0)","decl":{"start":{"line":4,"column":13},"end":{"line":4,"column":29}},"loc":{"start":{"line":4,"column":68},"end":{"line":14,"column":null}},"line":4}},"branchMap":{"0":{"loc":{"start":{"line":7,"column":7},"end":{"line":8,"column":7}},"type":"binary-expr","locations":[{"start":{"line":7,"column":7},"end":{"line":7,"column":20}},{"start":{"line":7,"column":20},"end":{"line":8,"column":7}}],"line":7}},"s":{"0":1,"1":4,"2":1},"f":{"0":4},"b":{"0":[4,3]},"meta":{"lastBranch":1,"lastFunction":1,"lastStatement":3,"seen":{"s:4:13:14:Infinity":0,"f:4:13:4:29":0,"s:5:2:12:Infinity":1,"b:7:7:7:20:7:20:8:7":0,"s:16:0:20:Infinity":2},"fnNames":{}}}
,"C:\\Users\\PC-MASTER\\6TO SEMESTRE\\DESARROLLO WEB\\SEGUNDO PARCIAL\\Prectica\\Practica-react\\src\\componets\\concepto-card\\concepto-card.module.css": {"path":"C:\\Users\\PC-MASTER\\6TO SEMESTRE\\DESARROLLO WEB\\SEGUNDO PARCIAL\\Prectica\\Practica-react\\src\\componets\\concepto-card\\concepto-card.module.css","statementMap":{},"fnMap":{},"branchMap":{},"s":{},"f":{},"b":{},"meta":{"lastBranch":0,"lastFunction":0,"lastStatement":0,"seen":{},"fnNames":{}}}
,"C:\\Users\\PC-MASTER\\6TO SEMESTRE\\DESARROLLO WEB\\SEGUNDO PARCIAL\\Prectica\\Practica-react\\src\\componets\\footer\\footer.jsx": {"path":"C:\\Users\\PC-MASTER\\6TO SEMESTRE\\DESARROLLO WEB\\SEGUNDO PARCIAL\\Prectica\\Practica-react\\src\\componets\\footer\\footer.jsx","statementMap":{"0":{"start":{"line":3,"column":13},"end":{"line":11,"column":null}},"1":{"start":{"line":4,"column":24},"end":{"line":4,"column":null}},"2":{"start":{"line":6,"column":4},"end":{"line":9,"column":null}}},"fnMap":{"0":{"name":"(anonymous_0)","decl":{"start":{"line":3,"column":13},"end":{"line":3,"column":28}},"loc":{"start":{"line":3,"column":28},"end":{"line":11,"column":null}},"line":3}},"branchMap":{},"s":{"0":2,"1":7,"2":7},"f":{"0":7},"b":{},"meta":{"lastBranch":0,"lastFunction":1,"lastStatement":3,"seen":{"s:3:13:11:Infinity":0,"f:3:13:3:28":0,"s:4:24:4:Infinity":1,"s:6:4:9:Infinity":2},"fnNames":{}}}
,"C:\\Users\\PC-MASTER\\6TO SEMESTRE\\DESARROLLO WEB\\SEGUNDO PARCIAL\\Prectica\\Practica-react\\src\\componets\\footer\\footer.module.css": {"path":"C:\\Users\\PC-MASTER\\6TO SEMESTRE\\DESARROLLO WEB\\SEGUNDO PARCIAL\\Prectica\\Practica-react\\src\\componets\\footer\\footer.module.css","statementMap":{},"fnMap":{},"branchMap":{},"s":{},"f":{},"b":{},"meta":{"lastBranch":0,"lastFunction":0,"lastStatement":0,"seen":{},"fnNames":{}}}
,"C:\\Users\\PC-MASTER\\6TO SEMESTRE\\DESARROLLO WEB\\SEGUNDO PARCIAL\\Prectica\\Practica-react\\src\\componets\\footer\\index.jsx": {"path":"C:\\Users\\PC-MASTER\\6TO SEMESTRE\\DESARROLLO WEB\\SEGUNDO PARCIAL\\Prectica\\Practica-react\\src\\componets\\footer\\index.jsx","statementMap":{},"fnMap":{},"branchMap":{},"s":{},"f":{},"b":{},"meta":{"lastBranch":0,"lastFunction":0,"lastStatement":0,"seen":{},"fnNames":{}}}
,"C:\\Users\\PC-MASTER\\6TO SEMESTRE\\DESARROLLO WEB\\SEGUNDO PARCIAL\\Prectica\\Practica-react\\src\\componets\\header\\header.jsx": {"path":"C:\\Users\\PC-MASTER\\6TO SEMESTRE\\DESARROLLO WEB\\SEGUNDO PARCIAL\\Prectica\\Practica-react\\src\\componets\\header\\header.jsx","statementMap":{"0":{"start":{"line":5,"column":13},"end":{"line":18,"column":null}},"1":{"start":{"line":6,"column":4},"end":{"line":16,"column":null}},"2":{"start":{"line":10,"column":54},"end":{"line":10,"column":91}},"3":{"start":{"line":11,"column":54},"end":{"line":11,"column":91}},"4":{"start":{"line":12,"column":54},"end":{"line":12,"column":91}},"5":{"start":{"line":13,"column":54},"end":{"line":13,"column":91}},"6":{"start":{"line":14,"column":54},"end":{"line":14,"column":91}}},"fnMap":{"0":{"name":"(anonymous_0)","decl":{"start":{"line":5,"column":13},"end":{"line":5,"column":28}},"loc":{"start":{"line":5,"column":28},"end":{"line":18,"column":null}},"line":5},"1":{"name":"(anonymous_1)","decl":{"start":{"line":10,"column":25},"end":{"line":10,"column":37}},"loc":{"start":{"line":10,"column":54},"end":{"line":10,"column":91}},"line":10},"2":{"name":"(anonymous_2)","decl":{"start":{"line":11,"column":25},"end":{"line":11,"column":37}},"loc":{"start":{"line":11,"column":54},"end":{"line":11,"column":91}},"line":11},"3":{"name":"(anonymous_3)","decl":{"start":{"line":12,"column":25},"end":{"line":12,"column":37}},"loc":{"start":{"line":12,"column":54},"end":{"line":12,"column":91}},"line":12},"4":{"name":"(anonymous_4)","decl":{"start":{"line":13,"column":25},"end":{"line":13,"column":37}},"loc":{"start":{"line":13,"column":54},"end":{"line":13,"column":91}},"line":13},"5":{"name":"(anonymous_5)","decl":{"start":{"line":14,"column":25},"end":{"line":14,"column":37}},"loc":{"start":{"line":14,"column":54},"end":{"line":14,"column":91}},"line":14}},"branchMap":{"0":{"loc":{"start":{"line":10,"column":54},"end":{"line":10,"column":91}},"type":"cond-expr","locations":[{"start":{"line":10,"column":65},"end":{"line":10,"column":80}},{"start":{"line":10,"column":80},"end":{"line":10,"column":91}}],"line":10},"1":{"loc":{"start":{"line":11,"column":54},"end":{"line":11,"column":91}},"type":"cond-expr","locations":[{"start":{"line":11,"column":65},"end":{"line":11,"column":80}},{"start":{"line":11,"column":80},"end":{"line":11,"column":91}}],"line":11},"2":{"loc":{"start":{"line":12,"column":54},"end":{"line":12,"column":91}},"type":"cond-expr","locations":[{"start":{"line":12,"column":65},"end":{"line":12,"column":80}},{"start":{"line":12,"column":80},"end":{"line":12,"column":91}}],"line":12},"3":{"loc":{"start":{"line":13,"column":54},"end":{"line":13,"column":91}},"type":"cond-expr","locations":[{"start":{"line":13,"column":65},"end":{"line":13,"column":80}},{"start":{"line":13,"column":80},"end":{"line":13,"column":91}}],"line":13},"4":{"loc":{"start":{"line":14,"column":54},"end":{"line":14,"column":91}},"type":"cond-expr","locations":[{"start":{"line":14,"column":65},"end":{"line":14,"column":80}},{"start":{"line":14,"column":80},"end":{"line":14,"column":91}}],"line":14}},"s":{"0":2,"1":8,"2":8,"3":8,"4":8,"5":8,"6":8},"f":{"0":8,"1":8,"2":8,"3":8,"4":8,"5":8},"b":{"0":[8,0],"1":[0,8],"2":[0,8],"3":[0,8],"4":[0,8]},"meta":{"lastBranch":5,"lastFunction":6,"lastStatement":7,"seen":{"s:5:13:18:Infinity":0,"f:5:13:5:28":0,"s:6:4:16:Infinity":1,"f:10:25:10:37":1,"s:10:54:10:91":2,"b:10:65:10:80:10:80:10:91":0,"f:11:25:11:37":2,"s:11:54:11:91":3,"b:11:65:11:80:11:80:11:91":1,"f:12:25:12:37":3,"s:12:54:12:91":4,"b:12:65:12:80:12:80:12:91":2,"f:13:25:13:37":4,"s:13:54:13:91":5,"b:13:65:13:80:13:80:13:91":3,"f:14:25:14:37":5,"s:14:54:14:91":6,"b:14:65:14:80:14:80:14:91":4},"fnNames":{}}}
,"C:\\Users\\PC-MASTER\\6TO SEMESTRE\\DESARROLLO WEB\\SEGUNDO PARCIAL\\Prectica\\Practica-react\\src\\componets\\header\\header.module.css": {"path":"C:\\Users\\PC-MASTER\\6TO SEMESTRE\\DESARROLLO WEB\\SEGUNDO PARCIAL\\Prectica\\Practica-react\\src\\componets\\header\\header.module.css","statementMap":{},"fnMap":{},"branchMap":{},"s":{},"f":{},"b":{},"meta":{"lastBranch":0,"lastFunction":0,"lastStatement":0,"seen":{},"fnNames":{}}}
,"C:\\Users\\PC-MASTER\\6TO SEMESTRE\\DESARROLLO WEB\\SEGUNDO PARCIAL\\Prectica\\Practica-react\\src\\componets\\header\\index.jsx": {"path":"C:\\Users\\PC-MASTER\\6TO SEMESTRE\\DESARROLLO WEB\\SEGUNDO PARCIAL\\Prectica\\Practica-react\\src\\componets\\header\\index.jsx","statementMap":{},"fnMap":{},"branchMap":{},"s":{},"f":{},"b":{},"meta":{"lastBranch":0,"lastFunction":0,"lastStatement":0,"seen":{},"fnNames":{}}}
,"C:\\Users\\PC-MASTER\\6TO SEMESTRE\\DESARROLLO WEB\\SEGUNDO PARCIAL\\Prectica\\Practica-react\\src\\componets\\layout\\layout.jsx": {"path":"C:\\Users\\PC-MASTER\\6TO SEMESTRE\\DESARROLLO WEB\\SEGUNDO PARCIAL\\Prectica\\Practica-react\\src\\componets\\layout\\layout.jsx","statementMap":{"0":{"start":{"line":6,"column":13},"end":{"line":16,"column":null}},"1":{"start":{"line":7,"column":4},"end":{"line":14,"column":null}},"2":{"start":{"line":18,"column":0},"end":{"line":20,"column":null}}},"fnMap":{"0":{"name":"(anonymous_0)","decl":{"start":{"line":6,"column":13},"end":{"line":6,"column":23}},"loc":{"start":{"line":6,"column":40},"end":{"line":16,"column":null}},"line":6}},"branchMap":{},"s":{"0":1,"1":4,"2":1},"f":{"0":4},"b":{},"meta":{"lastBranch":0,"lastFunction":1,"lastStatement":3,"seen":{"s:6:13:16:Infinity":0,"f:6:13:6:23":0,"s:7:4:14:Infinity":1,"s:18:0:20:Infinity":2},"fnNames":{}}}
,"C:\\Users\\PC-MASTER\\6TO SEMESTRE\\DESARROLLO WEB\\SEGUNDO PARCIAL\\Prectica\\Practica-react\\src\\componets\\layout\\layout.module.css": {"path":"C:\\Users\\PC-MASTER\\6TO SEMESTRE\\DESARROLLO WEB\\SEGUNDO PARCIAL\\Prectica\\Practica-react\\src\\componets\\layout\\layout.module.css","statementMap":{},"fnMap":{},"branchMap":{},"s":{},"f":{},"b":{},"meta":{"lastBranch":0,"lastFunction":0,"lastStatement":0,"seen":{},"fnNames":{}}}
,"C:\\Users\\PC-MASTER\\6TO SEMESTRE\\DESARROLLO WEB\\SEGUNDO PARCIAL\\Prectica\\Practica-react\\src\\componets\\materia-item\\materia-item.jsx": {"path":"C:\\Users\\PC-MASTER\\6TO SEMESTRE\\DESARROLLO WEB\\SEGUNDO PARCIAL\\Prectica\\Practica-react\\src\\componets\\materia-item\\materia-item.jsx","statementMap":{"0":{"start":{"line":4,"column":13},"end":{"line":16,"column":null}},"1":{"start":{"line":5,"column":2},"end":{"line":14,"column":null}},"2":{"start":{"line":18,"column":0},"end":{"line":22,"column":null}}},"fnMap":{"0":{"name":"(anonymous_0)","decl":{"start":{"line":4,"column":13},"end":{"line":4,"column":28}},"loc":{"start":{"line":4,"column":63},"end":{"line":16,"column":null}},"line":4}},"branchMap":{"0":{"loc":{"start":{"line":8,"column":9},"end":{"line":8,"column":null}},"type":"binary-expr","locations":[{"start":{"line":8,"column":9},"end":{"line":8,"column":18}},{"start":{"line":8,"column":18},"end":{"line":8,"column":null}}],"line":8}},"s":{"0":1,"1":4,"2":1},"f":{"0":4},"b":{"0":[4,1]},"meta":{"lastBranch":1,"lastFunction":1,"lastStatement":3,"seen":{"s:4:13:16:Infinity":0,"f:4:13:4:28":0,"s:5:2:14:Infinity":1,"b:8:9:8:18:8:18:8:Infinity":0,"s:18:0:22:Infinity":2},"fnNames":{}}}
,"C:\\Users\\PC-MASTER\\6TO SEMESTRE\\DESARROLLO WEB\\SEGUNDO PARCIAL\\Prectica\\Practica-react\\src\\componets\\materia-item\\materia-item.module.css": {"path":"C:\\Users\\PC-MASTER\\6TO SEMESTRE\\DESARROLLO WEB\\SEGUNDO PARCIAL\\Prectica\\Practica-react\\src\\componets\\materia-item\\materia-item.module.css","statementMap":{},"fnMap":{},"branchMap":{},"s":{},"f":{},"b":{},"meta":{"lastBranch":0,"lastFunction":0,"lastStatement":0,"seen":{},"fnNames":{}}}
,"C:\\Users\\PC-MASTER\\6TO SEMESTRE\\DESARROLLO WEB\\SEGUNDO PARCIAL\\Prectica\\Practica-react\\src\\componets\\personaje\\index.jsx": {"path":"C:\\Users\\PC-MASTER\\6TO SEMESTRE\\DESARROLLO WEB\\SEGUNDO PARCIAL\\Prectica\\Practica-react\\src\\componets\\personaje\\index.jsx","statementMap":{},"fnMap":{},"branchMap":{},"s":{},"f":{},"b":{},"meta":{"lastBranch":0,"lastFunction":0,"lastStatement":0,"seen":{},"fnNames":{}}}
,"C:\\Users\\PC-MASTER\\6TO SEMESTRE\\DESARROLLO WEB\\SEGUNDO PARCIAL\\Prectica\\Practica-react\\src\\componets\\personaje\\personaje.jsx": {"path":"C:\\Users\\PC-MASTER\\6TO SEMESTRE\\DESARROLLO WEB\\SEGUNDO PARCIAL\\Prectica\\Practica-react\\src\\componets\\personaje\\personaje.jsx","statementMap":{"0":{"start":{"line":3,"column":13},"end":{"line":11,"column":null}},"1":{"start":{"line":4,"column":4},"end":{"line":9,"column":null}}},"fnMap":{"0":{"name":"(anonymous_0)","decl":{"start":{"line":3,"column":13},"end":{"line":3,"column":30}},"loc":{"start":{"line":3,"column":62},"end":{"line":11,"column":null}},"line":3}},"branchMap":{},"s":{"0":2,"1":11},"f":{"0":11},"b":{},"meta":{"lastBranch":0,"lastFunction":1,"lastStatement":2,"seen":{"s:3:13:11:Infinity":0,"f:3:13:3:30":0,"s:4:4:9:Infinity":1},"fnNames":{}}}
,"C:\\Users\\PC-MASTER\\6TO SEMESTRE\\DESARROLLO WEB\\SEGUNDO PARCIAL\\Prectica\\Practica-react\\src\\componets\\personaje\\personaje.module.css": {"path":"C:\\Users\\PC-MASTER\\6TO SEMESTRE\\DESARROLLO WEB\\SEGUNDO PARCIAL\\Prectica\\Practica-react\\src\\componets\\personaje\\personaje.module.css","statementMap":{},"fnMap":{},"branchMap":{},"s":{},"f":{},"b":{},"meta":{"lastBranch":0,"lastFunction":0,"lastStatement":0,"seen":{},"fnNames":{}}}
,"C:\\Users\\PC-MASTER\\6TO SEMESTRE\\DESARROLLO WEB\\SEGUNDO PARCIAL\\Prectica\\Practica-react\\src\\pages\\personajes\\personaje.jsx": {"path":"C:\\Users\\PC-MASTER\\6TO SEMESTRE\\DESARROLLO WEB\\SEGUNDO PARCIAL\\Prectica\\Practica-react\\src\\pages\\personajes\\personaje.jsx","statementMap":{"0":{"start":{"line":6,"column":6},"end":{"line":41,"column":null}},"1":{"start":{"line":7,"column":23},"end":{"line":7,"column":null}},"2":{"start":{"line":8,"column":20},"end":{"line":8,"column":null}},"3":{"start":{"line":10,"column":4},"end":{"line":22,"column":null}},"4":{"start":{"line":11,"column":30},"end":{"line":20,"column":null}},"5":{"start":{"line":12,"column":12},"end":{"line":19,"column":null}},"6":{"start":{"line":13,"column":29},"end":{"line":13,"column":null}},"7":{"start":{"line":14,"column":16},"end":{"line":14,"column":null}},"8":{"start":{"line":16,"column":16},"end":{"line":16,"column":null}},"9":{"start":{"line":18,"column":16},"end":{"line":18,"column":null}},"10":{"start":{"line":21,"column":8},"end":{"line":21,"column":null}},"11":{"start":{"line":24,"column":4},"end":{"line":24,"column":null}},"12":{"start":{"line":24,"column":17},"end":{"line":24,"column":null}},"13":{"start":{"line":26,"column":4},"end":{"line":39,"column":null}},"14":{"start":{"line":31,"column":20},"end":{"line":36,"column":null}}},"fnMap":{"0":{"name":"(anonymous_0)","decl":{"start":{"line":6,"column":6},"end":{"line":6,"column":28}},"loc":{"start":{"line":6,"column":28},"end":{"line":41,"column":null}},"line":6},"1":{"name":"(anonymous_1)","decl":{"start":{"line":10,"column":4},"end":{"line":10,"column":20}},"loc":{"start":{"line":10,"column":20},"end":{"line":22,"column":7}},"line":10},"2":{"name":"(anonymous_2)","decl":{"start":{"line":11,"column":30},"end":{"line":11,"column":42}},"loc":{"start":{"line":11,"column":42},"end":{"line":20,"column":null}},"line":11},"3":{"name":"(anonymous_3)","decl":{"start":{"line":30,"column":28},"end":{"line":30,"column":33}},"loc":{"start":{"line":31,"column":20},"end":{"line":36,"column":null}},"line":31}},"branchMap":{"0":{"loc":{"start":{"line":24,"column":4},"end":{"line":24,"column":null}},"type":"if","locations":[{"start":{"line":24,"column":4},"end":{"line":24,"column":null}},{"start":{},"end":{}}],"line":24}},"s":{"0":1,"1":9,"2":9,"3":9,"4":5,"5":5,"6":5,"7":5,"8":0,"9":5,"10":5,"11":9,"12":5,"13":4,"14":8},"f":{"0":9,"1":5,"2":5,"3":8},"b":{"0":[5,4]},"meta":{"lastBranch":1,"lastFunction":4,"lastStatement":15,"seen":{"s:6:6:41:Infinity":0,"f:6:6:6:28":0,"s:7:23:7:Infinity":1,"s:8:20:8:Infinity":2,"s:10:4:22:Infinity":3,"f:10:4:10:20":1,"s:11:30:20:Infinity":4,"f:11:30:11:42":2,"s:12:12:19:Infinity":5,"s:13:29:13:Infinity":6,"s:14:16:14:Infinity":7,"s:16:16:16:Infinity":8,"s:18:16:18:Infinity":9,"s:21:8:21:Infinity":10,"b:24:4:24:Infinity:undefined:undefined:undefined:undefined":0,"s:24:4:24:Infinity":11,"s:24:17:24:Infinity":12,"s:26:4:39:Infinity":13,"f:30:28:30:33":3,"s:31:20:36:Infinity":14},"fnNames":{}}}
,"C:\\Users\\PC-MASTER\\6TO SEMESTRE\\DESARROLLO WEB\\SEGUNDO PARCIAL\\Prectica\\Practica-react\\src\\pages\\personajes\\personaje.module.css": {"path":"C:\\Users\\PC-MASTER\\6TO SEMESTRE\\DESARROLLO WEB\\SEGUNDO PARCIAL\\Prectica\\Practica-react\\src\\pages\\personajes\\personaje.module.css","statementMap":{},"fnMap":{},"branchMap":{},"s":{},"f":{},"b":{},"meta":{"lastBranch":0,"lastFunction":0,"lastStatement":0,"seen":{},"fnNames":{}}}
}
